<?xml version="1.0" encoding="UTF-8"?>
<testng-results ignored="0" total="1" passed="1" failed="0" skipped="0">
  <reporter-output>
  </reporter-output>
  <suite started-at="2024-11-13T13:17:04 IST" name="Default suite" finished-at="2024-11-13T13:17:16 IST" duration-ms="11415">
    <groups>
    </groups>
    <test started-at="2024-11-13T13:17:04 IST" name="Default test" finished-at="2024-11-13T13:17:16 IST" duration-ms="11415">
      <class name="driverFactory.AppTest">
        <test-method signature="kickStart()[pri:0, instance:driverFactory.AppTest@74d1dc36]" started-at="2024-11-13T13:17:04 IST" name="kickStart" finished-at="2024-11-13T13:17:16 IST" duration-ms="11372" status="PASS">
          <reporter-output>
          </reporter-output>
        </test-method> <!-- kickStart -->
      </class> <!-- driverFactory.AppTest -->
    </test> <!-- Default test -->
  </suite> <!-- Default suite -->
</testng-results>
